<?xml version="1.0" encoding="UTF-8"?>
<!-- Generated by org.testng.reporters.JUnitXMLReporter -->
<testsuite ignored="0" hostname="LAPTOP-8K3FR204" failures="0" tests="4" name="Default test" time="51.118" errors="0" timestamp="2026-03-11T09:48:08 IST">
  <testcase classname="testsScripts.TestCase1" name="submitOrder" time="15.631"/>
  <testcase classname="testsScripts.TestCase1" name="submitOrder" time="15.17"/>
  <testcase classname="testsScripts.TestCase1" name="verifyOrdersPage" time="2.635"/>
  <testcase classname="testsScripts.TestCase1" name="verifyOrdersPage" time="1.222"/>
</testsuite> <!-- Default test -->
