<?xml version="1.0" encoding="UTF-8"?>
<!-- Generated by org.testng.reporters.JUnitXMLReporter -->
<testsuite ignored="0" hostname="LAPTOP-8K3FR204" failures="0" tests="4" name="Default test" time="69.257" errors="0" timestamp="2026-03-13T18:39:41 IST">
  <testcase classname="testsScripts.TestCase1" name="submitOrder" time="17.114"/>
  <testcase classname="testsScripts.TestCase1" name="submitOrder" time="15.186"/>
  <testcase classname="testsScripts.TestCase1" name="verifyOrdersPage" time="1.651"/>
  <testcase classname="testsScripts.TestCase1" name="verifyOrdersPage" time="1.477"/>
</testsuite> <!-- Default test -->
