<?xml version="1.0" encoding="UTF-8"?>
<!-- Generated by org.testng.reporters.JUnitXMLReporter -->
<testsuite ignored="0" hostname="LAPTOP-8K3FR204" failures="0" tests="2" name="Error Validation" time="0.025" errors="0" timestamp="2026-02-25T10:01:28 IST">
  <testcase classname="testsScripts.ErrorValidation" name="incorrectCredentials" time="0.0">
    <skipped/>
  </testcase> <!-- incorrectCredentials -->
  <testcase classname="testsScripts.ErrorValidation" name="incorrectProductValidation" time="0.0">
    <skipped/>
  </testcase> <!-- incorrectProductValidation -->
</testsuite> <!-- Error Validation -->
