<?xml version="1.0" encoding="UTF-8"?>
<!-- Generated by org.testng.reporters.JUnitXMLReporter -->
<testsuite ignored="0" hostname="LAPTOP-8K3FR204" failures="0" tests="2" name="Error Validation Test" time="9.271" errors="0" timestamp="2026-03-07T20:53:59 IST">
  <testcase classname="testsScripts.ErrorValidation" name="incorrectCredentials" time="0.525"/>
  <testcase classname="testsScripts.ErrorValidation" name="incorrectProductValidation" time="1.167"/>
</testsuite> <!-- Error Validation Test -->
