<?xml version="1.0" encoding="UTF-8"?>
<!-- Generated by org.testng.reporters.JUnitXMLReporter -->
<testsuite ignored="2" hostname="LAPTOP-8K3FR204" failures="0" tests="0" time="0.002" errors="0" timestamp="2026-03-13T18:59:51 IST">
  <testcase classname="testsScripts.ErrorValidation" name="incorrectProductValidation" time="0.0">
    <ignored/>
  </testcase> <!-- incorrectProductValidation -->
  <testcase classname="testsScripts.ErrorValidation" name="incorrectCredentials" time="0.0">
    <ignored/>
  </testcase> <!-- incorrectCredentials -->
</testsuite>
