<?xml version="1.0" encoding="UTF-8"?>
<!-- Generated by org.testng.reporters.JUnitXMLReporter -->
<testsuite ignored="0" hostname="LAPTOP-8K3FR204" failures="0" tests="1" name="Product Checkout" time="0.082" errors="0" timestamp="2026-02-25T10:01:28 IST">
  <testcase classname="AlightWealth.TestComponents.BaseTest" name="@BeforeMethod landingPage" time="0.012">
    <failure type="java.io.FileNotFoundException" message="C:\Users\hp\eclipse-workspace\DCDomain\src\test\java\testsScripts\BaseTest.Properties (The system cannot find the file specified)">
      <![CDATA[java.io.FileNotFoundException: C:\Users\hp\eclipse-workspace\DCDomain\src\test\java\testsScripts\BaseTest.Properties (The system cannot find the file specified)
at java.base/java.io.FileInputStream.open0(Native Method)
at java.base/java.io.FileInputStream.open(FileInputStream.java:213)
at java.base/java.io.FileInputStream.<init>(FileInputStream.java:152)
at java.base/java.io.FileInputStream.<init>(FileInputStream.java:106)
at AlightWealth.TestComponents.BaseTest.InvokeBrowser(BaseTest.java:24)
at AlightWealth.TestComponents.BaseTest.landingPage(BaseTest.java:44)
at java.base/java.util.ArrayList.forEach(ArrayList.java:1596)
... Removed 29 stack frames]]>
    </failure>
  </testcase> <!-- @BeforeMethod landingPage -->
  <testcase classname="AlightWealth.TestComponents.BaseTest" name="@AfterMethod closeDriver" time="0.0">
    <skipped/>
  </testcase> <!-- @AfterMethod closeDriver -->
  <testcase classname="testsScripts.TestCase1" name="submitOrder" time="0.0">
    <skipped/>
  </testcase> <!-- submitOrder -->
</testsuite> <!-- Product Checkout -->
