<?xml version="1.0" encoding="UTF-8"?>
<!-- Generated by org.testng.reporters.JUnitXMLReporter -->
<testsuite ignored="0" hostname="LAPTOP-8K3FR204" failures="0" tests="4" name="Submit Order Test" time="53.997" errors="0" timestamp="2026-03-13T10:36:21 IST">
  <testcase classname="testsScripts.TestCase1" name="submitOrder" time="15.006"/>
  <testcase classname="testsScripts.TestCase1" name="submitOrder" time="14.894"/>
  <testcase classname="testsScripts.TestCase1" name="verifyOrdersPage" time="0.915"/>
  <testcase classname="testsScripts.TestCase1" name="verifyOrdersPage" time="0.888"/>
</testsuite> <!-- Submit Order Test -->
