<?xml version="1.0" encoding="UTF-8"?>
<!-- Generated by org.testng.reporters.JUnitXMLReporter -->
<testsuite ignored="0" hostname="LAPTOP-8K3FR204" failures="0" tests="4" name="Submit Order Test" time="53.71" errors="0" timestamp="2026-03-13T18:59:51 IST">
  <testcase classname="testsScripts.TestCase1" name="submitOrder" time="14.912"/>
  <testcase classname="testsScripts.TestCase1" name="submitOrder" time="14.706"/>
  <testcase classname="testsScripts.TestCase1" name="verifyOrdersPage" time="1.18"/>
  <testcase classname="testsScripts.TestCase1" name="verifyOrdersPage" time="1.197"/>
</testsuite> <!-- Submit Order Test -->
