<?xml version="1.0" encoding="UTF-8"?>
<!-- Generated by org.testng.reporters.JUnitXMLReporter -->
<testsuite ignored="0" hostname="LAPTOP-8K3FR204" failures="0" tests="6" name="Test" time="71.872" errors="0" timestamp="2026-09-24T18:46:21 IST">
  <testcase classname="testsScripts.TestCase1" name="submitOrder" time="18.74"/>
  <testcase classname="testsScripts.TestCase1" name="submitOrder" time="14.811"/>
  <testcase classname="testsScripts.TestCase1" name="verifyOrdersPage" time="1.233"/>
  <testcase classname="testsScripts.TestCase1" name="verifyOrdersPage" time="1.318"/>
  <testcase classname="testsScripts.ErrorValidation" name="incorrectCredentials" time="0.506"/>
  <testcase classname="testsScripts.ErrorValidation" name="incorrectProductValidation" time="1.251"/>
</testsuite> <!-- Test -->
