<?xml version="1.0" encoding="UTF-8"?>
<!-- Generated by org.testng.reporters.JUnitXMLReporter -->
<testsuite ignored="0" hostname="LAPTOP-8K3FR204" failures="0" tests="6" name="Test" time="68.257" errors="0" timestamp="2026-06-18T17:33:05 IST">
  <testcase classname="testsScripts.TestCase1" name="submitOrder" time="15.099"/>
  <testcase classname="testsScripts.TestCase1" name="submitOrder" time="14.903"/>
  <testcase classname="testsScripts.TestCase1" name="verifyOrdersPage" time="1.337"/>
  <testcase classname="testsScripts.TestCase1" name="verifyOrdersPage" time="1.32"/>
  <testcase classname="testsScripts.ErrorValidation" name="incorrectCredentials" time="1.121"/>
  <testcase classname="testsScripts.ErrorValidation" name="incorrectProductValidation" time="1.297"/>
</testsuite> <!-- Test -->
