<?xml version="1.0" encoding="UTF-8"?>
<!-- Generated by org.testng.reporters.JUnitXMLReporter -->
<testsuite ignored="0" hostname="LAPTOP-8K3FR204" failures="0" tests="6" name="Test" time="65.112" errors="0" timestamp="2026-09-24T19:52:29 IST">
  <testcase classname="testsScripts.TestCase1" name="submitOrder" time="15.017"/>
  <testcase classname="testsScripts.TestCase1" name="submitOrder" time="14.63"/>
  <testcase classname="testsScripts.TestCase1" name="verifyOrdersPage" time="1.379"/>
  <testcase classname="testsScripts.TestCase1" name="verifyOrdersPage" time="5.587"/>
  <testcase classname="testsScripts.ErrorValidation" name="incorrectCredentials" time="0.483"/>
  <testcase classname="testsScripts.ErrorValidation" name="incorrectProductValidation" time="1.174"/>
</testsuite> <!-- Test -->
