<?xml version="1.0" encoding="UTF-8"?>
<testng-results ignored="0" total="6" passed="6" failed="0" skipped="0">
  <reporter-output>
  </reporter-output>
  <suite started-at="2026-09-24T19:51:24 IST" name="Suite" finished-at="2026-09-24T19:52:29 IST" duration-ms="65112">
    <groups>
      <group name="Regression">
        <method signature="ErrorValidation.incorrectCredentials()[pri:0, instance:testsScripts.ErrorValidation@418e7838]" name="incorrectCredentials" class="testsScripts.ErrorValidation"/>
        <method signature="ErrorValidation.incorrectProductValidation()[pri:0, instance:testsScripts.ErrorValidation@418e7838]" name="incorrectProductValidation" class="testsScripts.ErrorValidation"/>
      </group> <!-- Regression -->
    </groups>
    <test started-at="2026-09-24T19:51:24 IST" name="Test" finished-at="2026-09-24T19:52:29 IST" duration-ms="65112">
      <class name="testsScripts.TestCase1">
        <test-method is-config="true" signature="landingPage()[pri:0, instance:testsScripts.TestCase1@60d8c9b7]" started-at="2026-09-24T19:51:24 IST" name="landingPage" finished-at="2026-09-24T19:51:30 IST" duration-ms="6093" status="PASS">
          <reporter-output>
          </reporter-output>
        </test-method> <!-- landingPage -->
        <test-method signature="submitOrder(java.util.HashMap)[pri:0, instance:testsScripts.TestCase1@60d8c9b7]" started-at="2026-09-24T19:51:30 IST" name="submitOrder" data-provider="getData" finished-at="2026-09-24T19:51:45 IST" duration-ms="15017" status="PASS">
          <params>
            <param index="0">
              <value>
                <![CDATA[{password=Selenium@123, email=abcselenium@123.com, productName=ADIDAS ORIGINAL}]]>
              </value>
            </param>
          </params>
          <reporter-output>
          </reporter-output>
        </test-method> <!-- submitOrder -->
        <test-method is-config="true" signature="closeDriver()[pri:0, instance:testsScripts.TestCase1@60d8c9b7]" started-at="2026-09-24T19:51:45 IST" name="closeDriver" finished-at="2026-09-24T19:51:45 IST" duration-ms="190" status="PASS">
          <reporter-output>
          </reporter-output>
        </test-method> <!-- closeDriver -->
        <test-method is-config="true" signature="landingPage()[pri:0, instance:testsScripts.TestCase1@60d8c9b7]" started-at="2026-09-24T19:51:45 IST" name="landingPage" finished-at="2026-09-24T19:51:51 IST" duration-ms="5180" status="PASS">
          <reporter-output>
          </reporter-output>
        </test-method> <!-- landingPage -->
        <test-method signature="submitOrder(java.util.HashMap)[pri:0, instance:testsScripts.TestCase1@60d8c9b7]" started-at="2026-09-24T19:51:51 IST" name="submitOrder" data-provider="getData" finished-at="2026-09-24T19:52:05 IST" duration-ms="14630" status="PASS">
          <params>
            <param index="0">
              <value>
                <![CDATA[{password=Demo@123, email=lalit.123@gmail.com, productName=ADIDAS ORIGINAL}]]>
              </value>
            </param>
          </params>
          <reporter-output>
          </reporter-output>
        </test-method> <!-- submitOrder -->
        <test-method is-config="true" signature="closeDriver()[pri:0, instance:testsScripts.TestCase1@60d8c9b7]" started-at="2026-09-24T19:52:05 IST" name="closeDriver" finished-at="2026-09-24T19:52:05 IST" duration-ms="173" status="PASS">
          <reporter-output>
          </reporter-output>
        </test-method> <!-- closeDriver -->
        <test-method is-config="true" signature="landingPage()[pri:0, instance:testsScripts.TestCase1@60d8c9b7]" started-at="2026-09-24T19:52:05 IST" name="landingPage" finished-at="2026-09-24T19:52:10 IST" duration-ms="4812" status="PASS">
          <reporter-output>
          </reporter-output>
        </test-method> <!-- landingPage -->
        <test-method signature="verifyOrdersPage(java.util.HashMap)[pri:0, instance:testsScripts.TestCase1@60d8c9b7]" started-at="2026-09-24T19:52:10 IST" name="verifyOrdersPage" data-provider="getData" finished-at="2026-09-24T19:52:12 IST" depends-on-methods="testsScripts.TestCase1.submitOrder" duration-ms="1379" status="PASS">
          <params>
            <param index="0">
              <value>
                <![CDATA[{password=Selenium@123, email=abcselenium@123.com, productName=ADIDAS ORIGINAL}]]>
              </value>
            </param>
          </params>
          <reporter-output>
          </reporter-output>
        </test-method> <!-- verifyOrdersPage -->
        <test-method is-config="true" signature="closeDriver()[pri:0, instance:testsScripts.TestCase1@60d8c9b7]" started-at="2026-09-24T19:52:12 IST" name="closeDriver" finished-at="2026-09-24T19:52:12 IST" duration-ms="170" status="PASS">
          <reporter-output>
          </reporter-output>
        </test-method> <!-- closeDriver -->
        <test-method is-config="true" signature="landingPage()[pri:0, instance:testsScripts.TestCase1@60d8c9b7]" started-at="2026-09-24T19:52:12 IST" name="landingPage" finished-at="2026-09-24T19:52:13 IST" duration-ms="1554" status="PASS">
          <reporter-output>
          </reporter-output>
        </test-method> <!-- landingPage -->
        <test-method signature="verifyOrdersPage(java.util.HashMap)[pri:0, instance:testsScripts.TestCase1@60d8c9b7]" started-at="2026-09-24T19:52:13 IST" name="verifyOrdersPage" data-provider="getData" finished-at="2026-09-24T19:52:19 IST" depends-on-methods="testsScripts.TestCase1.submitOrder" duration-ms="5587" status="PASS">
          <params>
            <param index="0">
              <value>
                <![CDATA[{password=Demo@123, email=lalit.123@gmail.com, productName=ADIDAS ORIGINAL}]]>
              </value>
            </param>
          </params>
          <reporter-output>
          </reporter-output>
        </test-method> <!-- verifyOrdersPage -->
        <test-method is-config="true" signature="closeDriver()[pri:0, instance:testsScripts.TestCase1@60d8c9b7]" started-at="2026-09-24T19:52:19 IST" name="closeDriver" finished-at="2026-09-24T19:52:19 IST" duration-ms="219" status="PASS">
          <reporter-output>
          </reporter-output>
        </test-method> <!-- closeDriver -->
      </class> <!-- testsScripts.TestCase1 -->
      <class name="testsScripts.ErrorValidation">
        <test-method is-config="true" signature="landingPage()[pri:0, instance:testsScripts.ErrorValidation@418e7838]" started-at="2026-09-24T19:52:19 IST" name="landingPage" finished-at="2026-09-24T19:52:23 IST" duration-ms="3646" status="PASS">
          <reporter-output>
          </reporter-output>
        </test-method> <!-- landingPage -->
        <test-method signature="incorrectCredentials()[pri:0, instance:testsScripts.ErrorValidation@418e7838]" started-at="2026-09-24T19:52:23 IST" name="incorrectCredentials" finished-at="2026-09-24T19:52:23 IST" duration-ms="483" status="PASS">
          <reporter-output>
          </reporter-output>
        </test-method> <!-- incorrectCredentials -->
        <test-method is-config="true" signature="closeDriver()[pri:0, instance:testsScripts.ErrorValidation@418e7838]" started-at="2026-09-24T19:52:23 IST" name="closeDriver" finished-at="2026-09-24T19:52:23 IST" duration-ms="100" status="PASS">
          <reporter-output>
          </reporter-output>
        </test-method> <!-- closeDriver -->
        <test-method is-config="true" signature="landingPage()[pri:0, instance:testsScripts.ErrorValidation@418e7838]" started-at="2026-09-24T19:52:23 IST" name="landingPage" finished-at="2026-09-24T19:52:27 IST" duration-ms="4036" status="PASS">
          <reporter-output>
          </reporter-output>
        </test-method> <!-- landingPage -->
        <test-method signature="incorrectProductValidation()[pri:0, instance:testsScripts.ErrorValidation@418e7838]" started-at="2026-09-24T19:52:27 IST" name="incorrectProductValidation" finished-at="2026-09-24T19:52:29 IST" duration-ms="1174" status="PASS">
          <reporter-output>
          </reporter-output>
        </test-method> <!-- incorrectProductValidation -->
        <test-method is-config="true" signature="closeDriver()[pri:0, instance:testsScripts.ErrorValidation@418e7838]" started-at="2026-09-24T19:52:29 IST" name="closeDriver" finished-at="2026-09-24T19:52:29 IST" duration-ms="104" status="PASS">
          <reporter-output>
          </reporter-output>
        </test-method> <!-- closeDriver -->
      </class> <!-- testsScripts.ErrorValidation -->
    </test> <!-- Test -->
  </suite> <!-- Suite -->
</testng-results>
