<?xml version="1.0" encoding="UTF-8"?>
<testng-results ignored="2" total="6" passed="4" failed="0" skipped="0">
  <reporter-output>
  </reporter-output>
  <suite started-at="2026-03-13T10:35:27 IST" name="Suite" finished-at="2026-03-13T10:36:21 IST" duration-ms="54033">
    <groups>
    </groups>
    <test started-at="2026-03-13T10:35:27 IST" name="Submit Order Test" finished-at="2026-03-13T10:36:21 IST" duration-ms="53997">
      <class name="testsScripts.TestCase1">
        <test-method is-config="true" signature="landingPage()[pri:0, instance:testsScripts.TestCase1@2f4948e4]" started-at="2026-03-13T10:35:27 IST" name="landingPage" finished-at="2026-03-13T10:35:36 IST" duration-ms="8297" status="PASS">
          <reporter-output>
          </reporter-output>
        </test-method> <!-- landingPage -->
        <test-method signature="submitOrder(java.util.HashMap)[pri:0, instance:testsScripts.TestCase1@2f4948e4]" started-at="2026-03-13T10:35:36 IST" name="submitOrder" data-provider="getData" finished-at="2026-03-13T10:35:51 IST" duration-ms="15006" status="PASS">
          <params>
            <param index="0">
              <value>
                <![CDATA[{password=Selenium@123, email=abcselenium@123.com, productName=ADIDAS ORIGINAL}]]>
              </value>
            </param>
          </params>
          <reporter-output>
          </reporter-output>
        </test-method> <!-- submitOrder -->
        <test-method is-config="true" signature="closeDriver()[pri:0, instance:testsScripts.TestCase1@2f4948e4]" started-at="2026-03-13T10:35:51 IST" name="closeDriver" finished-at="2026-03-13T10:35:51 IST" duration-ms="129" status="PASS">
          <reporter-output>
          </reporter-output>
        </test-method> <!-- closeDriver -->
        <test-method is-config="true" signature="landingPage()[pri:0, instance:testsScripts.TestCase1@2f4948e4]" started-at="2026-03-13T10:35:51 IST" name="landingPage" finished-at="2026-03-13T10:35:56 IST" duration-ms="4782" status="PASS">
          <reporter-output>
          </reporter-output>
        </test-method> <!-- landingPage -->
        <test-method signature="submitOrder(java.util.HashMap)[pri:0, instance:testsScripts.TestCase1@2f4948e4]" started-at="2026-03-13T10:35:56 IST" name="submitOrder" data-provider="getData" finished-at="2026-03-13T10:36:10 IST" duration-ms="14894" status="PASS">
          <params>
            <param index="0">
              <value>
                <![CDATA[{password=Demo@123, email=lalit.123@gmail.com, productName=ADIDAS ORIGINAL}]]>
              </value>
            </param>
          </params>
          <reporter-output>
          </reporter-output>
        </test-method> <!-- submitOrder -->
        <test-method is-config="true" signature="closeDriver()[pri:0, instance:testsScripts.TestCase1@2f4948e4]" started-at="2026-03-13T10:36:10 IST" name="closeDriver" finished-at="2026-03-13T10:36:11 IST" duration-ms="144" status="PASS">
          <reporter-output>
          </reporter-output>
        </test-method> <!-- closeDriver -->
        <test-method is-config="true" signature="landingPage()[pri:0, instance:testsScripts.TestCase1@2f4948e4]" started-at="2026-03-13T10:36:11 IST" name="landingPage" finished-at="2026-03-13T10:36:14 IST" duration-ms="3840" status="PASS">
          <reporter-output>
          </reporter-output>
        </test-method> <!-- landingPage -->
        <test-method signature="verifyOrdersPage(java.util.HashMap)[pri:0, instance:testsScripts.TestCase1@2f4948e4]" started-at="2026-03-13T10:36:14 IST" name="verifyOrdersPage" data-provider="getData" finished-at="2026-03-13T10:36:15 IST" depends-on-methods="testsScripts.TestCase1.submitOrder" duration-ms="915" status="PASS">
          <params>
            <param index="0">
              <value>
                <![CDATA[{password=Selenium@123, email=abcselenium@123.com, productName=ADIDAS ORIGINAL}]]>
              </value>
            </param>
          </params>
          <reporter-output>
          </reporter-output>
        </test-method> <!-- verifyOrdersPage -->
        <test-method is-config="true" signature="closeDriver()[pri:0, instance:testsScripts.TestCase1@2f4948e4]" started-at="2026-03-13T10:36:15 IST" name="closeDriver" finished-at="2026-03-13T10:36:15 IST" duration-ms="101" status="PASS">
          <reporter-output>
          </reporter-output>
        </test-method> <!-- closeDriver -->
        <test-method is-config="true" signature="landingPage()[pri:0, instance:testsScripts.TestCase1@2f4948e4]" started-at="2026-03-13T10:36:15 IST" name="landingPage" finished-at="2026-03-13T10:36:20 IST" duration-ms="4473" status="PASS">
          <reporter-output>
          </reporter-output>
        </test-method> <!-- landingPage -->
        <test-method signature="verifyOrdersPage(java.util.HashMap)[pri:0, instance:testsScripts.TestCase1@2f4948e4]" started-at="2026-03-13T10:36:20 IST" name="verifyOrdersPage" data-provider="getData" finished-at="2026-03-13T10:36:21 IST" depends-on-methods="testsScripts.TestCase1.submitOrder" duration-ms="888" status="PASS">
          <params>
            <param index="0">
              <value>
                <![CDATA[{password=Demo@123, email=lalit.123@gmail.com, productName=ADIDAS ORIGINAL}]]>
              </value>
            </param>
          </params>
          <reporter-output>
          </reporter-output>
        </test-method> <!-- verifyOrdersPage -->
        <test-method is-config="true" signature="closeDriver()[pri:0, instance:testsScripts.TestCase1@2f4948e4]" started-at="2026-03-13T10:36:21 IST" name="closeDriver" finished-at="2026-03-13T10:36:21 IST" duration-ms="85" status="PASS">
          <reporter-output>
          </reporter-output>
        </test-method> <!-- closeDriver -->
      </class> <!-- testsScripts.TestCase1 -->
    </test> <!-- Submit Order Test -->
    <test started-at="2026-03-13T10:36:21 IST" name="Error Validation Test" finished-at="2026-03-13T10:36:21 IST" duration-ms="2">
    </test> <!-- Error Validation Test -->
  </suite> <!-- Suite -->
</testng-results>
