<?xml version="1.0" encoding="UTF-8"?>
<testng-results ignored="0" total="3" passed="3" failed="0" skipped="0">
  <reporter-output>
  </reporter-output>
  <suite started-at="2026-02-25T10:25:57 IST" name="Suite" finished-at="2026-02-25T10:26:28 IST" duration-ms="31528">
    <groups>
    </groups>
    <test started-at="2026-02-25T10:25:57 IST" name="Submit Order Test" finished-at="2026-02-25T10:26:15 IST" duration-ms="18705">
      <class name="testsScripts.TestCase1">
        <test-method is-config="true" signature="landingPage()[pri:0, instance:testsScripts.TestCase1@13c9d689]" started-at="2026-02-25T10:25:57 IST" name="landingPage" finished-at="2026-02-25T10:26:03 IST" duration-ms="6061" status="PASS">
          <reporter-output>
          </reporter-output>
        </test-method> <!-- landingPage -->
        <test-method signature="submitOrder()[pri:0, instance:testsScripts.TestCase1@13c9d689]" started-at="2026-02-25T10:26:03 IST" name="submitOrder" finished-at="2026-02-25T10:26:15 IST" duration-ms="12446" status="PASS">
          <reporter-output>
          </reporter-output>
        </test-method> <!-- submitOrder -->
        <test-method is-config="true" signature="closeDriver()[pri:0, instance:testsScripts.TestCase1@13c9d689]" started-at="2026-02-25T10:26:15 IST" name="closeDriver" finished-at="2026-02-25T10:26:15 IST" duration-ms="142" status="PASS">
          <reporter-output>
          </reporter-output>
        </test-method> <!-- closeDriver -->
      </class> <!-- testsScripts.TestCase1 -->
    </test> <!-- Submit Order Test -->
    <test started-at="2026-02-25T10:26:15 IST" name="Error Validation Test" finished-at="2026-02-25T10:26:28 IST" duration-ms="12791">
      <class name="testsScripts.ErrorValidation">
        <test-method is-config="true" signature="landingPage()[pri:0, instance:testsScripts.ErrorValidation@70325e14]" started-at="2026-02-25T10:26:15 IST" name="landingPage" finished-at="2026-02-25T10:26:21 IST" duration-ms="5355" status="PASS">
          <reporter-output>
          </reporter-output>
        </test-method> <!-- landingPage -->
        <test-method signature="incorrectCredentials()[pri:0, instance:testsScripts.ErrorValidation@70325e14]" started-at="2026-02-25T10:26:21 IST" name="incorrectCredentials" finished-at="2026-02-25T10:26:21 IST" duration-ms="604" status="PASS">
          <reporter-output>
          </reporter-output>
        </test-method> <!-- incorrectCredentials -->
        <test-method is-config="true" signature="closeDriver()[pri:0, instance:testsScripts.ErrorValidation@70325e14]" started-at="2026-02-25T10:26:21 IST" name="closeDriver" finished-at="2026-02-25T10:26:22 IST" duration-ms="168" status="PASS">
          <reporter-output>
          </reporter-output>
        </test-method> <!-- closeDriver -->
        <test-method is-config="true" signature="landingPage()[pri:0, instance:testsScripts.ErrorValidation@70325e14]" started-at="2026-02-25T10:26:22 IST" name="landingPage" finished-at="2026-02-25T10:26:27 IST" duration-ms="5278" status="PASS">
          <reporter-output>
          </reporter-output>
        </test-method> <!-- landingPage -->
        <test-method signature="incorrectProductValidation()[pri:0, instance:testsScripts.ErrorValidation@70325e14]" started-at="2026-02-25T10:26:27 IST" name="incorrectProductValidation" finished-at="2026-02-25T10:26:28 IST" duration-ms="1145" status="PASS">
          <reporter-output>
          </reporter-output>
        </test-method> <!-- incorrectProductValidation -->
        <test-method is-config="true" signature="closeDriver()[pri:0, instance:testsScripts.ErrorValidation@70325e14]" started-at="2026-02-25T10:26:28 IST" name="closeDriver" finished-at="2026-02-25T10:26:28 IST" duration-ms="223" status="PASS">
          <reporter-output>
          </reporter-output>
        </test-method> <!-- closeDriver -->
      </class> <!-- testsScripts.ErrorValidation -->
    </test> <!-- Error Validation Test -->
  </suite> <!-- Suite -->
</testng-results>
