<?xml version="1.0" encoding="UTF-8"?>
<!-- Generated by org.testng.reporters.JUnitReportReporter -->
<testsuite hostname="LAPTOP-8K3FR204" failures="0" tests="4" name="testsScripts.TestCase1" time="56.784" errors="0" timestamp="2026-06-18T17:33:05 IST" skipped="0">
  <testcase classname="testsScripts.TestCase1" name="verifyOrdersPage" time="7.160"/>
  <testcase classname="testsScripts.TestCase1" name="submitOrder" time="20.921"/>
  <testcase classname="testsScripts.TestCase1" name="submitOrder" time="20.423"/>
  <testcase classname="testsScripts.TestCase1" name="verifyOrdersPage" time="8.280"/>
</testsuite> <!-- testsScripts.TestCase1 -->
