<?xml version="1.0" encoding="UTF-8"?>
<!-- Generated by org.testng.reporters.JUnitReportReporter -->
<testsuite hostname="LAPTOP-8K3FR204" failures="0" tests="2" name="testsScripts.ErrorValidation" time="9.254" errors="0" timestamp="2026-03-07T20:54:00 IST" skipped="0">
  <testcase classname="testsScripts.ErrorValidation" name="incorrectCredentials" time="4.054"/>
  <testcase classname="testsScripts.ErrorValidation" name="incorrectProductValidation" time="5.200"/>
</testsuite> <!-- testsScripts.ErrorValidation -->
