<?xml version="1.0" encoding="UTF-8"?>
<!-- Generated by org.testng.reporters.JUnitReportReporter -->
<testsuite hostname="LAPTOP-8K3FR204" failures="0" tests="2" name="testsScripts.ErrorValidation" time="12.773" errors="0" timestamp="2026-02-25T10:26:28 IST" skipped="0">
  <testcase classname="testsScripts.ErrorValidation" name="incorrectProductValidation" time="6.723"/>
  <testcase classname="testsScripts.ErrorValidation" name="incorrectCredentials" time="6.050"/>
</testsuite> <!-- testsScripts.ErrorValidation -->
