<?xml version="1.0" encoding="UTF-8"?>
<!-- Generated by org.testng.reporters.JUnitReportReporter -->
<testsuite hostname="LAPTOP-8K3FR204" failures="0" tests="4" name="testsScripts.TestCase1" time="53.554" errors="0" timestamp="2026-03-13T10:36:21 IST" skipped="0">
  <testcase classname="testsScripts.TestCase1" name="verifyOrdersPage" time="5.799"/>
  <testcase classname="testsScripts.TestCase1" name="verifyOrdersPage" time="5.489"/>
  <testcase classname="testsScripts.TestCase1" name="submitOrder" time="23.447"/>
  <testcase classname="testsScripts.TestCase1" name="submitOrder" time="18.819"/>
</testsuite> <!-- testsScripts.TestCase1 -->
