<?xml version="1.0" encoding="UTF-8"?>
<!-- Generated by org.testng.reporters.JUnitReportReporter -->
<testsuite hostname="LAPTOP-8K3FR204" failures="0" tests="4" name="testsScripts.TestCase1" time="55.004" errors="0" timestamp="2026-09-24T19:52:29 IST" skipped="0">
  <testcase classname="testsScripts.TestCase1" name="submitOrder" time="20.000"/>
  <testcase classname="testsScripts.TestCase1" name="verifyOrdersPage" time="6.410"/>
  <testcase classname="testsScripts.TestCase1" name="verifyOrdersPage" time="7.311"/>
  <testcase classname="testsScripts.TestCase1" name="submitOrder" time="21.283"/>
</testsuite> <!-- testsScripts.TestCase1 -->
