<?xml version="1.0" encoding="UTF-8"?>
<!-- Generated by org.testng.reporters.JUnitReportReporter -->
<testsuite hostname="LAPTOP-8K3FR204" failures="0" tests="2" name="testsScripts.ErrorValidation" time="15.870" errors="0" timestamp="2026-09-24T19:01:03 IST" skipped="0">
  <testcase classname="testsScripts.ErrorValidation" name="incorrectCredentials" time="8.324"/>
  <testcase classname="testsScripts.ErrorValidation" name="incorrectProductValidation" time="7.546"/>
</testsuite> <!-- testsScripts.ErrorValidation -->
