<?xml version="1.0" encoding="UTF-8"?>
<!-- Generated by org.testng.reporters.JUnitReportReporter -->
<testsuite hostname="LAPTOP-8K3FR204" failures="0" tests="4" name="testsScripts.TestCase1" time="53.068" errors="0" timestamp="2026-09-24T19:01:03 IST" skipped="0">
  <testcase classname="testsScripts.TestCase1" name="verifyOrdersPage" time="5.337"/>
  <testcase classname="testsScripts.TestCase1" name="verifyOrdersPage" time="5.928"/>
  <testcase classname="testsScripts.TestCase1" name="submitOrder" time="20.307"/>
  <testcase classname="testsScripts.TestCase1" name="submitOrder" time="21.496"/>
</testsuite> <!-- testsScripts.TestCase1 -->
